<?xml version="1.0" encoding="UTF-8"?>
<!-- Generated by org.testng.reporters.JUnitXMLReporter -->
<testsuite hostname="MacBook-Pro-de-Synapsys.local" ignored="0" name="Fibre" tests="4" failures="1" timestamp="13 mars 2020 10:11:30 GMT" time="91.555" errors="0">
  <testcase name="accueil" time="4.02" classname="sn.orange.sonatel.pole.digital.testcase.FibreB2CTelephoneEligibleTestCase"/>
  <testcase name="testEligibiliteParTelephone" time="20.429" classname="sn.orange.sonatel.pole.digital.testcase.FibreB2CTelephoneEligibleTestCase"/>
  <testcase name="souscription" time="22.818" classname="sn.orange.sonatel.pole.digital.testcase.FibreB2CTelephoneEligibleTestCase">
    <failure type="junit.framework.AssertionFailedError" message="expected:&amp;lt;false&amp;gt; but was:&amp;lt;true&amp;gt;">
      <![CDATA[junit.framework.AssertionFailedError: expected:<false> but was:<true>
at junit.framework.Assert.fail(Assert.java:47)
at junit.framework.Assert.failNotEquals(Assert.java:282)
at junit.framework.Assert.assertEquals(Assert.java:64)
at junit.framework.Assert.assertEquals(Assert.java:149)
at junit.framework.Assert.assertEquals(Assert.java:155)
at sn.orange.sonatel.pole.digital.testcase.FibreB2CTelephoneEligibleTestCase.souscription(FibreB2CTelephoneEligibleTestCase.java:88)
... Removed 25 stack frames]]>
    </failure>
  </testcase> <!-- souscription -->
  <testcase name="confirmationSouscription" time="0.0" classname="sn.orange.sonatel.pole.digital.testcase.FibreB2CTelephoneEligibleTestCase">
    <skipped/>
  </testcase> <!-- confirmationSouscription -->
</testsuite> <!-- Fibre -->
