<?xml version="1.0" encoding="UTF-8"?>
<!-- Generated by org.testng.reporters.JUnitXMLReporter -->
<testsuite hostname="MacBook-Pro-de-Synapsys.local" ignored="0" name="FibreB2BGeoloc" tests="2" failures="0" timestamp="03 févr. 2020 15:47:01 GMT" time="170.588" errors="0">
  <testcase name="accueil" time="3.022" classname="sn.orange.sonatel.pole.digital.testcase.FibreB2BTestGeolocCase"/>
  <testcase name="testEligibiliteParGPS" time="146.659" classname="sn.orange.sonatel.pole.digital.testcase.FibreB2BTestGeolocCase"/>
</testsuite> <!-- FibreB2BGeoloc -->
