<?xml version="1.0" encoding="UTF-8"?>
<!-- Generated by org.testng.reporters.JUnitXMLReporter -->
<testsuite hostname="MacBook-Pro-de-Synapsys.local" ignored="0" name="FibreB2B" tests="3" failures="1" timestamp="20 déc. 2019 07:54:03 GMT" time="59.025" errors="0">
  <testcase name="accueil" time="3.024" classname="sn.orange.sonatel.pole.digital.testcase.FibreB2BTestCase"/>
  <testcase name="testEligibiliteParGPS" time="31.045" classname="sn.orange.sonatel.pole.digital.testcase.FibreB2BTestCase"/>
  <testcase name="souscription" time="8.618" classname="sn.orange.sonatel.pole.digital.testcase.FibreB2BTestCase">
    <failure type="junit.framework.AssertionFailedError" message="expected:&amp;lt;false&amp;gt; but was:&amp;lt;true&amp;gt;">
      <![CDATA[junit.framework.AssertionFailedError: expected:<false> but was:<true>
at junit.framework.Assert.fail(Assert.java:47)
at junit.framework.Assert.failNotEquals(Assert.java:282)
at junit.framework.Assert.assertEquals(Assert.java:64)
at junit.framework.Assert.assertEquals(Assert.java:149)
at junit.framework.Assert.assertEquals(Assert.java:155)
at sn.orange.sonatel.pole.digital.testcase.FibreB2BTestCase.souscription(FibreB2BTestCase.java:87)
... Removed 25 stack frames]]>
    </failure>
  </testcase> <!-- souscription -->
</testsuite> <!-- FibreB2B -->
