<?xml version="1.0" encoding="UTF-8"?>
<!-- Generated by org.testng.reporters.JUnitXMLReporter -->
<testsuite hostname="MacBook-Pro-de-Synapsys.local" ignored="0" name="Conciergerie" tests="6" failures="0" timestamp="27 juin 2019 07:53:30 GMT" time="62.308" errors="0">
  <testcase name="authentification" time="4.824" classname="sn.orange.sonatel.pole.digital.testcase.ConciergerieTestCase"/>
  <testcase name="accueil" time="7.034" classname="sn.orange.sonatel.pole.digital.testcase.ConciergerieTestCase"/>
  <testcase name="choisirCategorie" time="9.757" classname="sn.orange.sonatel.pole.digital.testcase.ConciergerieTestCase"/>
  <testcase name="ajouterPrestataire" time="14.09" classname="sn.orange.sonatel.pole.digital.testcase.ConciergerieTestCase"/>
  <testcase name="supprimerPrestataire" time="14.316" classname="sn.orange.sonatel.pole.digital.testcase.ConciergerieTestCase"/>
  <testcase name="seDeconnecter" time="7.33" classname="sn.orange.sonatel.pole.digital.testcase.ConciergerieTestCase"/>
</testsuite> <!-- Conciergerie -->
