<?xml version="1.0" encoding="UTF-8"?>
<testng-results ignored="0" total="4" passed="4" failed="0" skipped="0">
  <reporter-output>
  </reporter-output>
  <suite started-at="2022-01-04T13:04:33Z" name="FibreNonEligibleSuite" finished-at="2022-01-04T13:05:50Z" duration-ms="76987">
    <groups>
    </groups>
    <test started-at="2022-01-04T13:04:33Z" name="FibreNonEligible" finished-at="2022-01-04T13:05:50Z" duration-ms="76987">
      <class name="sn.orange.sonatel.pole.digital.testcase.FibreB2CTelephoneNonEligibleTestCase">
        <test-method is-config="true" signature="setup(java.lang.String, java.lang.String)[pri:0, instance:sn.orange.sonatel.pole.digital.testcase.FibreB2CTelephoneNonEligibleTestCase@68267da0]" started-at="2022-01-04T13:04:33Z" name="setup" finished-at="2022-01-04T13:05:08Z" duration-ms="35399" status="PASS">
          <params>
            <param index="0">
              <value>
                <![CDATA[https://www.orange.sn/test-fibre]]>
              </value>
            </param>
            <param index="1">
              <value>
                <![CDATA[firefox]]>
              </value>
            </param>
          </params>
          <reporter-output>
          </reporter-output>
        </test-method> <!-- setup -->
        <test-method signature="accueil(java.lang.String)[pri:0, instance:sn.orange.sonatel.pole.digital.testcase.FibreB2CTelephoneNonEligibleTestCase@68267da0]" started-at="2022-01-04T13:05:08Z" name="accueil" description="Ce test permet de vérifier si on est à la page d&#039;acuueil" finished-at="2022-01-04T13:05:11Z" duration-ms="3038" status="PASS">
          <params>
            <param index="0">
              <value>
                <![CDATA[https://www.orange.sn/test-fibre]]>
              </value>
            </param>
          </params>
          <reporter-output>
          </reporter-output>
        </test-method> <!-- accueil -->
        <test-method signature="testEligibiliteParTelephone(java.lang.String)[pri:0, instance:sn.orange.sonatel.pole.digital.testcase.FibreB2CTelephoneNonEligibleTestCase@68267da0]" started-at="2022-01-04T13:05:11Z" name="testEligibiliteParTelephone" description="Ce test permet verifier son éligibilité par numéro telephone" finished-at="2022-01-04T13:05:25Z" depends-on-methods="sn.orange.sonatel.pole.digital.testcase.FibreB2CTelephoneNonEligibleTestCase.accueil" duration-ms="13302" status="PASS">
          <params>
            <param index="0">
              <value>
                <![CDATA[338421111]]>
              </value>
            </param>
          </params>
          <reporter-output>
          </reporter-output>
        </test-method> <!-- testEligibiliteParTelephone -->
        <test-method signature="souscription(java.lang.String, java.lang.String, java.lang.String, java.lang.String)[pri:0, instance:sn.orange.sonatel.pole.digital.testcase.FibreB2CTelephoneNonEligibleTestCase@68267da0]" started-at="2022-01-04T13:05:25Z" name="souscription" description="Ce test permet se souscrire une fois  qu&#039;on est eligible" finished-at="2022-01-04T13:05:33Z" depends-on-methods="sn.orange.sonatel.pole.digital.testcase.FibreB2CTelephoneNonEligibleTestCase.testEligibiliteParTelephone" duration-ms="8113" status="PASS">
          <params>
            <param index="0">
              <value>
                <![CDATA[Fama]]>
              </value>
            </param>
            <param index="1">
              <value>
                <![CDATA[Ba]]>
              </value>
            </param>
            <param index="2">
              <value>
                <![CDATA[test@yahoo.fr]]>
              </value>
            </param>
            <param index="3">
              <value>
                <![CDATA[704444419]]>
              </value>
            </param>
          </params>
          <reporter-output>
          </reporter-output>
        </test-method> <!-- souscription -->
        <test-method signature="confirmationSouscription()[pri:0, instance:sn.orange.sonatel.pole.digital.testcase.FibreB2CTelephoneNonEligibleTestCase@68267da0]" started-at="2022-01-04T13:05:33Z" name="confirmationSouscription" description="Ce test permet verifier sa souscription est validée" finished-at="2022-01-04T13:05:48Z" depends-on-methods="sn.orange.sonatel.pole.digital.testcase.FibreB2CTelephoneNonEligibleTestCase.souscription" duration-ms="14870" status="PASS">
          <reporter-output>
          </reporter-output>
        </test-method> <!-- confirmationSouscription -->
        <test-method is-config="true" signature="browserClose()[pri:0, instance:sn.orange.sonatel.pole.digital.testcase.FibreB2CTelephoneNonEligibleTestCase@68267da0]" started-at="2022-01-04T13:05:48Z" name="browserClose" finished-at="2022-01-04T13:05:50Z" duration-ms="2100" status="FAIL">
          <exception class="org.openqa.selenium.NoSuchWindowException">
            <message>
              <![CDATA[Browsing context has been discarded
Build info: version: '3.14.0', revision: 'aacccce0', time: '2018-08-02T20:19:58.91Z'
System info: host: 'ROUGUI', ip: '192.168.0.11', os.name: 'Windows 10', os.arch: 'amd64', os.version: '10.0', java.version: '16.0.2'
Driver info: org.openqa.selenium.firefox.FirefoxDriver
Capabilities {acceptInsecureCerts: true, browserName: firefox, browserVersion: 95.0.2, javascriptEnabled: true, moz:accessibilityChecks: false, moz:buildID: 20211218203254, moz:geckodriverVersion: 0.30.0, moz:headless: false, moz:processID: 15796, moz:profile: C:\Users\ROUGUI\AppData\Loc..., moz:shutdownTimeout: 60000, moz:useNonSpecCompliantPointerOrigin: false, moz:webdriverClick: true, pageLoadStrategy: normal, platform: WINDOWS, platformName: WINDOWS, platformVersion: 10.0, proxy: Proxy(), setWindowRect: true, strictFileInteractability: false, timeouts: {implicit: 0, pageLoad: 300000, script: 30000}, unhandledPromptBehavior: dismiss and notify}
Session ID: 925fe3b7-76cc-4bd4-afb6-d85507ca21da]]>
            </message>
            <full-stacktrace>
              <![CDATA[org.openqa.selenium.NoSuchWindowException: Browsing context has been discarded
Build info: version: '3.14.0', revision: 'aacccce0', time: '2018-08-02T20:19:58.91Z'
System info: host: 'ROUGUI', ip: '192.168.0.11', os.name: 'Windows 10', os.arch: 'amd64', os.version: '10.0', java.version: '16.0.2'
Driver info: org.openqa.selenium.firefox.FirefoxDriver
Capabilities {acceptInsecureCerts: true, browserName: firefox, browserVersion: 95.0.2, javascriptEnabled: true, moz:accessibilityChecks: false, moz:buildID: 20211218203254, moz:geckodriverVersion: 0.30.0, moz:headless: false, moz:processID: 15796, moz:profile: C:\Users\ROUGUI\AppData\Loc..., moz:shutdownTimeout: 60000, moz:useNonSpecCompliantPointerOrigin: false, moz:webdriverClick: true, pageLoadStrategy: normal, platform: WINDOWS, platformName: WINDOWS, platformVersion: 10.0, proxy: Proxy(), setWindowRect: true, strictFileInteractability: false, timeouts: {implicit: 0, pageLoad: 300000, script: 30000}, unhandledPromptBehavior: dismiss and notify}
Session ID: 925fe3b7-76cc-4bd4-afb6-d85507ca21da
at java.base/jdk.internal.reflect.NativeConstructorAccessorImpl.newInstance0(Native Method)
at java.base/jdk.internal.reflect.NativeConstructorAccessorImpl.newInstance(NativeConstructorAccessorImpl.java:78)
at java.base/jdk.internal.reflect.DelegatingConstructorAccessorImpl.newInstance(DelegatingConstructorAccessorImpl.java:45)
at java.base/java.lang.reflect.Constructor.newInstanceWithCaller(Constructor.java:499)
at java.base/java.lang.reflect.Constructor.newInstance(Constructor.java:480)
at org.openqa.selenium.remote.http.W3CHttpResponseCodec.createException(W3CHttpResponseCodec.java:187)
at org.openqa.selenium.remote.http.W3CHttpResponseCodec.decode(W3CHttpResponseCodec.java:122)
at org.openqa.selenium.remote.http.W3CHttpResponseCodec.decode(W3CHttpResponseCodec.java:49)
at org.openqa.selenium.remote.HttpCommandExecutor.execute(HttpCommandExecutor.java:158)
at org.openqa.selenium.remote.service.DriverCommandExecutor.execute(DriverCommandExecutor.java:83)
at org.openqa.selenium.remote.RemoteWebDriver.execute(RemoteWebDriver.java:548)
at org.openqa.selenium.remote.RemoteWebDriver.execute(RemoteWebDriver.java:605)
at org.openqa.selenium.remote.RemoteWebDriver.close(RemoteWebDriver.java:438)
at sn.orange.sonatel.pole.digital.common.BrowserControl.closeBrowser(BrowserControl.java:76)
at sn.orange.sonatel.pole.digital.testcase.FibreB2CTelephoneNonEligibleTestCase.browserClose(FibreB2CTelephoneNonEligibleTestCase.java:98)
at java.base/jdk.internal.reflect.NativeMethodAccessorImpl.invoke0(Native Method)
at java.base/jdk.internal.reflect.NativeMethodAccessorImpl.invoke(NativeMethodAccessorImpl.java:78)
at java.base/jdk.internal.reflect.DelegatingMethodAccessorImpl.invoke(DelegatingMethodAccessorImpl.java:43)
at java.base/java.lang.reflect.Method.invoke(Method.java:567)
at org.testng.internal.MethodInvocationHelper.invokeMethod(MethodInvocationHelper.java:124)
at org.testng.internal.MethodInvocationHelper.invokeMethodConsideringTimeout(MethodInvocationHelper.java:59)
at org.testng.internal.Invoker.invokeConfigurationMethod(Invoker.java:458)
at org.testng.internal.Invoker.invokeConfigurations(Invoker.java:222)
at org.testng.internal.Invoker.invokeConfigurations(Invoker.java:142)
at org.testng.TestRunner.afterRun(TestRunner.java:725)
at org.testng.TestRunner.run(TestRunner.java:509)
at org.testng.SuiteRunner.runTest(SuiteRunner.java:455)
at org.testng.SuiteRunner.runSequentially(SuiteRunner.java:450)
at org.testng.SuiteRunner.privateRun(SuiteRunner.java:415)
at org.testng.SuiteRunner.run(SuiteRunner.java:364)
at org.testng.SuiteRunnerWorker.runSuite(SuiteRunnerWorker.java:52)
at org.testng.SuiteRunnerWorker.run(SuiteRunnerWorker.java:84)
at org.testng.TestNG.runSuitesSequentially(TestNG.java:1208)
at org.testng.TestNG.runSuitesLocally(TestNG.java:1137)
at org.testng.TestNG.runSuites(TestNG.java:1049)
at org.testng.TestNG.run(TestNG.java:1017)
at org.testng.remote.AbstractRemoteTestNG.run(AbstractRemoteTestNG.java:115)
at org.testng.remote.RemoteTestNG.initAndRun(RemoteTestNG.java:251)
at org.testng.remote.RemoteTestNG.main(RemoteTestNG.java:77)
]]>
            </full-stacktrace>
          </exception> <!-- org.openqa.selenium.NoSuchWindowException -->
          <reporter-output>
          </reporter-output>
        </test-method> <!-- browserClose -->
      </class> <!-- sn.orange.sonatel.pole.digital.testcase.FibreB2CTelephoneNonEligibleTestCase -->
    </test> <!-- FibreNonEligible -->
  </suite> <!-- FibreNonEligibleSuite -->
</testng-results>
