<?xml version="1.0" encoding="UTF-8"?>
<!-- Generated by org.testng.reporters.JUnitXMLReporter -->
<testsuite hostname="MacBook-Pro-de-Synapsys.local" ignored="0" name="FibreB2BEligible" tests="4" failures="0" timestamp="30 janv. 2020 16:15:35 GMT" time="51.401" errors="0">
  <testcase name="accueil" time="4.023" classname="sn.orange.sonatel.pole.digital.testcase.FibreB2BTelEligibleTestCase"/>
  <testcase name="testEligibiliteParTelephone" time="13.179" classname="sn.orange.sonatel.pole.digital.testcase.FibreB2BTelEligibleTestCase"/>
  <testcase name="souscription" time="15.12" classname="sn.orange.sonatel.pole.digital.testcase.FibreB2BTelEligibleTestCase"/>
  <testcase name="redirection" time="2.01" classname="sn.orange.sonatel.pole.digital.testcase.FibreB2BTelEligibleTestCase"/>
</testsuite> <!-- FibreB2BEligible -->
