<?xml version="1.0" encoding="UTF-8"?>
<!-- Generated by org.testng.reporters.JUnitReportReporter -->
<testsuite skipped="0" hostname="MacBook-Pro-de-Synapsys.local" name="sn.orange.sonatel.pole.digital.testcase.FibreB2BTestGeolocCase" tests="2" failures="0" timestamp="03 févr. 2020 15:47:01 GMT" time="149.681" errors="0">
  <testcase name="testEligibiliteParGPS" time="146.659" classname="sn.orange.sonatel.pole.digital.testcase.FibreB2BTestGeolocCase"/>
  <testcase name="accueil" time="3.022" classname="sn.orange.sonatel.pole.digital.testcase.FibreB2BTestGeolocCase"/>
</testsuite> <!-- sn.orange.sonatel.pole.digital.testcase.FibreB2BTestGeolocCase -->
