<?xml version="1.0" encoding="UTF-8"?>
<!-- Generated by org.testng.reporters.JUnitReportReporter -->
<testsuite skipped="0" hostname="MacBook-Pro-de-Synapsys.local" name="sn.orange.sonatel.pole.digital.testcase.FibreTestCase" tests="4" failures="0" timestamp="19 déc. 2019 14:38:11 GMT" time="40.424" errors="0">
  <testcase name="souscription" time="16.252" classname="sn.orange.sonatel.pole.digital.testcase.FibreTestCase"/>
  <testcase name="confirmationSouscription" time="0.048" classname="sn.orange.sonatel.pole.digital.testcase.FibreTestCase"/>
  <testcase name="accueil" time="5.026" classname="sn.orange.sonatel.pole.digital.testcase.FibreTestCase"/>
  <testcase name="testEligibiliteParTelephone" time="19.098" classname="sn.orange.sonatel.pole.digital.testcase.FibreTestCase"/>
</testsuite> <!-- sn.orange.sonatel.pole.digital.testcase.FibreTestCase -->
