<?xml version="1.0" encoding="UTF-8"?>
<!-- Generated by org.testng.reporters.JUnitXMLReporter -->
<testsuite hostname="MacBook-Pro-de-Synapsys.local" ignored="0" name="Fibre" tests="4" failures="0" timestamp="30 janv. 2020 12:32:04 GMT" time="55.97" errors="0">
  <testcase name="accueil" time="3.021" classname="sn.orange.sonatel.pole.digital.testcase.FibreNonEligibleTestCase"/>
  <testcase name="testEligibiliteParTelephone" time="19.172" classname="sn.orange.sonatel.pole.digital.testcase.FibreNonEligibleTestCase"/>
  <testcase name="souscription" time="7.946" classname="sn.orange.sonatel.pole.digital.testcase.FibreNonEligibleTestCase"/>
  <testcase name="confirmationSouscription" time="13.485" classname="sn.orange.sonatel.pole.digital.testcase.FibreNonEligibleTestCase"/>
</testsuite> <!-- Fibre -->
